[2025-03-14 22:53:42.080] [jointLog] [info] setting maxHashResizeThreads to 16
[2025-03-14 22:53:42.080] [jointLog] [info] Fragment incompatibility prior below threshold.  Incompatible fragments will be ignored.
[2025-03-14 22:53:42.080] [jointLog] [info] Usage of --validateMappings implies use of minScoreFraction. Since not explicitly specified, it is being set to 0.65
[2025-03-14 22:53:42.080] [jointLog] [info] Setting consensusSlack to selective-alignment default of 0.35.
[2025-03-14 22:53:42.080] [jointLog] [info] parsing read library format
[2025-03-14 22:53:42.080] [jointLog] [info] There is 1 library.
[2025-03-14 22:53:42.080] [jointLog] [info] Loading pufferfish index
[2025-03-14 22:53:42.080] [jointLog] [info] Loading dense pufferfish index.
[2025-03-14 22:53:42.351] [jointLog] [info] done
[2025-03-14 22:53:42.468] [jointLog] [info] Index contained 43,061 targets
[2025-03-14 22:53:43.129] [jointLog] [info] Number of decoys : 0
[2025-03-14 22:53:43.812] [jointLog] [info] Automatically detected most likely library type as ISR

[2025-03-14 22:55:00.850] [jointLog] [info] Thread saw mini-batch with a maximum of 2.54% zero probability fragments
[2025-03-14 22:55:00.850] [jointLog] [info] Thread saw mini-batch with a maximum of 2.54% zero probability fragments
[2025-03-14 22:55:00.850] [jointLog] [info] Thread saw mini-batch with a maximum of 2.42% zero probability fragments
[2025-03-14 22:55:00.850] [jointLog] [info] Thread saw mini-batch with a maximum of 2.52% zero probability fragments
[2025-03-14 22:55:00.850] [jointLog] [info] Thread saw mini-batch with a maximum of 2.58% zero probability fragments
[2025-03-14 22:55:00.851] [jointLog] [info] Thread saw mini-batch with a maximum of 2.66% zero probability fragments
[2025-03-14 22:55:00.851] [jointLog] [info] Thread saw mini-batch with a maximum of 2.58% zero probability fragments
[2025-03-14 22:55:00.851] [jointLog] [info] Thread saw mini-batch with a maximum of 2.60% zero probability fragments
[2025-03-14 22:55:00.851] [jointLog] [info] Thread saw mini-batch with a maximum of 2.52% zero probability fragments
[2025-03-14 22:55:00.851] [jointLog] [info] Thread saw mini-batch with a maximum of 2.54% zero probability fragments
[2025-03-14 22:55:00.852] [jointLog] [info] Thread saw mini-batch with a maximum of 2.58% zero probability fragments
[2025-03-14 22:55:00.852] [jointLog] [info] Thread saw mini-batch with a maximum of 2.42% zero probability fragments
[2025-03-14 22:55:00.897] [jointLog] [info] Thread saw mini-batch with a maximum of 2.46% zero probability fragments
[2025-03-14 22:55:00.930] [jointLog] [info] Thread saw mini-batch with a maximum of 2.52% zero probability fragments
[2025-03-14 22:55:00.990] [jointLog] [info] Thread saw mini-batch with a maximum of 2.70% zero probability fragments
[2025-03-14 22:55:00.999] [jointLog] [info] Thread saw mini-batch with a maximum of 2.58% zero probability fragments
[2025-03-14 22:55:01.468] [jointLog] [info] Computed 106,331 rich equivalence classes for further processing
[2025-03-14 22:55:01.468] [jointLog] [info] Counted 6,278,122 total reads in the equivalence classes 
[2025-03-14 22:55:01.484] [jointLog] [info] Number of mappings discarded because of alignment score : 1,759,559
[2025-03-14 22:55:01.484] [jointLog] [info] Number of fragments entirely discarded because of alignment score : 601,497
[2025-03-14 22:55:01.484] [jointLog] [info] Number of fragments discarded because they are best-mapped to decoys : 0
[2025-03-14 22:55:01.484] [jointLog] [info] Number of fragments discarded because they have only dovetail (discordant) mappings to valid targets : 24,130
[2025-03-14 22:55:01.485] [jointLog] [info] Mapping rate = 78.7801%

[2025-03-14 22:55:01.485] [jointLog] [info] finished quantifyLibrary()
[2025-03-14 22:55:01.485] [jointLog] [info] Starting optimizer
[2025-03-14 22:55:01.532] [jointLog] [info] Marked 0 weighted equivalence classes as degenerate
[2025-03-14 22:55:01.538] [jointLog] [info] iteration = 0 | max rel diff. = 12257.7
[2025-03-14 22:55:01.602] [jointLog] [info] iteration 11, adjusting effective lengths to account for biases
[2025-03-14 22:55:01.469] [fileLog] [info] 
At end of round 0
==================
Observed 7969170 total fragments (7969170 in most recent round)

[2025-03-14 22:55:15.870] [jointLog] [info] Computed expected counts (for bias correction)
[2025-03-14 22:55:15.870] [jointLog] [info] processed bias for 0.0% of the transcripts
[2025-03-14 22:55:16.713] [jointLog] [info] processed bias for 10.0% of the transcripts
[2025-03-14 22:55:17.617] [jointLog] [info] processed bias for 20.0% of the transcripts
[2025-03-14 22:55:18.580] [jointLog] [info] processed bias for 30.0% of the transcripts
[2025-03-14 22:55:19.442] [jointLog] [info] processed bias for 40.0% of the transcripts
[2025-03-14 22:55:20.314] [jointLog] [info] processed bias for 50.0% of the transcripts
[2025-03-14 22:55:21.074] [jointLog] [info] processed bias for 60.0% of the transcripts
[2025-03-14 22:55:21.903] [jointLog] [info] processed bias for 70.0% of the transcripts
[2025-03-14 22:55:22.796] [jointLog] [info] processed bias for 80.0% of the transcripts
[2025-03-14 22:55:23.780] [jointLog] [info] processed bias for 90.0% of the transcripts
[2025-03-14 22:55:24.663] [jointLog] [info] processed bias for 100.0% of the transcripts
[2025-03-14 22:55:25.201] [jointLog] [info] iteration = 100 | max rel diff. = 12.3766
[2025-03-14 22:55:25.830] [jointLog] [info] iteration = 200 | max rel diff. = 0.262853
[2025-03-14 22:55:26.444] [jointLog] [info] iteration = 300 | max rel diff. = 1.62249
[2025-03-14 22:55:27.064] [jointLog] [info] iteration = 400 | max rel diff. = 0.110313
[2025-03-14 22:55:27.697] [jointLog] [info] iteration = 500 | max rel diff. = 0.119116
[2025-03-14 22:55:28.330] [jointLog] [info] iteration = 600 | max rel diff. = 0.0193534
[2025-03-14 22:55:28.968] [jointLog] [info] iteration = 700 | max rel diff. = 0.114532
[2025-03-14 22:55:29.608] [jointLog] [info] iteration = 800 | max rel diff. = 0.042608
[2025-03-14 22:55:30.236] [jointLog] [info] iteration = 900 | max rel diff. = 0.0220319
[2025-03-14 22:55:30.524] [jointLog] [info] iteration = 947 | max rel diff. = 0.00705099
[2025-03-14 22:55:30.536] [jointLog] [info] Finished optimizer
[2025-03-14 22:55:30.536] [jointLog] [info] writing output 

