[2025-03-14 22:15:55.182] [jointLog] [info] setting maxHashResizeThreads to 16
[2025-03-14 22:15:55.182] [jointLog] [info] Fragment incompatibility prior below threshold.  Incompatible fragments will be ignored.
[2025-03-14 22:15:55.182] [jointLog] [info] Usage of --validateMappings implies use of minScoreFraction. Since not explicitly specified, it is being set to 0.65
[2025-03-14 22:15:55.182] [jointLog] [info] Setting consensusSlack to selective-alignment default of 0.35.
[2025-03-14 22:15:55.182] [jointLog] [info] parsing read library format
[2025-03-14 22:15:55.183] [jointLog] [info] There is 1 library.
[2025-03-14 22:15:55.183] [jointLog] [info] Loading pufferfish index
[2025-03-14 22:15:55.183] [jointLog] [info] Loading dense pufferfish index.
[2025-03-14 22:15:55.513] [jointLog] [info] done
[2025-03-14 22:15:55.617] [jointLog] [info] Index contained 51,996 targets
[2025-03-14 22:15:56.295] [jointLog] [info] Number of decoys : 0
[2025-03-14 22:15:56.922] [jointLog] [info] Automatically detected most likely library type as ISR

[2025-03-14 22:20:14.884] [jointLog] [info] Thread saw mini-batch with a maximum of 2.70% zero probability fragments
[2025-03-14 22:20:14.884] [jointLog] [info] Thread saw mini-batch with a maximum of 2.48% zero probability fragments
[2025-03-14 22:20:14.884] [jointLog] [info] Thread saw mini-batch with a maximum of 2.58% zero probability fragments
[2025-03-14 22:20:14.884] [jointLog] [info] Thread saw mini-batch with a maximum of 2.66% zero probability fragments
[2025-03-14 22:20:14.884] [jointLog] [info] Thread saw mini-batch with a maximum of 2.48% zero probability fragments
[2025-03-14 22:20:14.884] [jointLog] [info] Thread saw mini-batch with a maximum of 2.52% zero probability fragments
[2025-03-14 22:20:14.884] [jointLog] [info] Thread saw mini-batch with a maximum of 2.76% zero probability fragments
[2025-03-14 22:20:14.884] [jointLog] [info] Thread saw mini-batch with a maximum of 2.44% zero probability fragments
[2025-03-14 22:20:14.884] [jointLog] [info] Thread saw mini-batch with a maximum of 2.68% zero probability fragments
[2025-03-14 22:20:14.884] [jointLog] [info] Thread saw mini-batch with a maximum of 2.60% zero probability fragments
[2025-03-14 22:20:14.884] [jointLog] [info] Thread saw mini-batch with a maximum of 2.60% zero probability fragments
[2025-03-14 22:20:14.931] [jointLog] [info] Thread saw mini-batch with a maximum of 2.60% zero probability fragments
[2025-03-14 22:20:14.954] [jointLog] [info] Thread saw mini-batch with a maximum of 2.64% zero probability fragments
[2025-03-14 22:20:15.004] [jointLog] [info] Thread saw mini-batch with a maximum of 2.60% zero probability fragments
[2025-03-14 22:20:15.030] [jointLog] [info] Thread saw mini-batch with a maximum of 2.54% zero probability fragments
[2025-03-14 22:20:15.066] [jointLog] [info] Thread saw mini-batch with a maximum of 2.54% zero probability fragments
[2025-03-14 22:20:15.498] [jointLog] [info] Computed 164,274 rich equivalence classes for further processing
[2025-03-14 22:20:15.498] [jointLog] [info] Counted 25,439,767 total reads in the equivalence classes 
[2025-03-14 22:20:15.510] [jointLog] [info] Number of mappings discarded because of alignment score : 7,214,759
[2025-03-14 22:20:15.510] [jointLog] [info] Number of fragments entirely discarded because of alignment score : 1,573,939
[2025-03-14 22:20:15.510] [jointLog] [info] Number of fragments discarded because they are best-mapped to decoys : 0
[2025-03-14 22:20:15.510] [jointLog] [info] Number of fragments discarded because they have only dovetail (discordant) mappings to valid targets : 87,243
[2025-03-14 22:20:15.510] [jointLog] [info] Mapping rate = 83.3408%

[2025-03-14 22:20:15.510] [jointLog] [info] finished quantifyLibrary()
[2025-03-14 22:20:15.510] [jointLog] [info] Starting optimizer
[2025-03-14 22:20:15.565] [jointLog] [info] Marked 0 weighted equivalence classes as degenerate
[2025-03-14 22:20:15.572] [jointLog] [info] iteration = 0 | max rel diff. = 20434.7
[2025-03-14 22:20:15.653] [jointLog] [info] iteration 11, adjusting effective lengths to account for biases
[2025-03-14 22:20:15.499] [fileLog] [info] 
At end of round 0
==================
Observed 30524977 total fragments (30524977 in most recent round)

[2025-03-14 22:20:32.319] [jointLog] [info] Computed expected counts (for bias correction)
[2025-03-14 22:20:32.319] [jointLog] [info] processed bias for 0.0% of the transcripts
[2025-03-14 22:20:33.347] [jointLog] [info] processed bias for 10.0% of the transcripts
[2025-03-14 22:20:34.425] [jointLog] [info] processed bias for 20.0% of the transcripts
[2025-03-14 22:20:35.392] [jointLog] [info] processed bias for 30.0% of the transcripts
[2025-03-14 22:20:36.372] [jointLog] [info] processed bias for 40.0% of the transcripts
[2025-03-14 22:20:37.394] [jointLog] [info] processed bias for 50.0% of the transcripts
[2025-03-14 22:20:38.396] [jointLog] [info] processed bias for 60.0% of the transcripts
[2025-03-14 22:20:39.424] [jointLog] [info] processed bias for 70.0% of the transcripts
[2025-03-14 22:20:40.402] [jointLog] [info] processed bias for 80.0% of the transcripts
[2025-03-14 22:20:41.387] [jointLog] [info] processed bias for 90.0% of the transcripts
[2025-03-14 22:20:42.319] [jointLog] [info] processed bias for 100.0% of the transcripts
[2025-03-14 22:20:42.343] [jointLog] [info] processed bias for 100.0% of the transcripts
[2025-03-14 22:20:42.965] [jointLog] [info] iteration = 100 | max rel diff. = 10.2247
[2025-03-14 22:20:43.710] [jointLog] [info] iteration = 200 | max rel diff. = 11.8928
[2025-03-14 22:20:44.444] [jointLog] [info] iteration = 300 | max rel diff. = 4.86101
[2025-03-14 22:20:45.175] [jointLog] [info] iteration = 400 | max rel diff. = 2.45287
[2025-03-14 22:20:45.916] [jointLog] [info] iteration = 500 | max rel diff. = 0.0639082
[2025-03-14 22:20:46.645] [jointLog] [info] iteration = 600 | max rel diff. = 0.891928
[2025-03-14 22:20:47.370] [jointLog] [info] iteration = 700 | max rel diff. = 9.68217
[2025-03-14 22:20:48.098] [jointLog] [info] iteration = 800 | max rel diff. = 0.130157
[2025-03-14 22:20:48.832] [jointLog] [info] iteration = 900 | max rel diff. = 0.344111
[2025-03-14 22:20:49.568] [jointLog] [info] iteration = 1,000 | max rel diff. = 0.165897
[2025-03-14 22:20:50.300] [jointLog] [info] iteration = 1,100 | max rel diff. = 0.0523833
[2025-03-14 22:20:50.548] [jointLog] [info] iteration = 1,135 | max rel diff. = 0.00907127
[2025-03-14 22:20:50.562] [jointLog] [info] Finished optimizer
[2025-03-14 22:20:50.562] [jointLog] [info] writing output 

