[2025-03-14 22:45:53.893] [jointLog] [info] setting maxHashResizeThreads to 16
[2025-03-14 22:45:53.893] [jointLog] [info] Fragment incompatibility prior below threshold.  Incompatible fragments will be ignored.
[2025-03-14 22:45:53.893] [jointLog] [info] Usage of --validateMappings implies use of minScoreFraction. Since not explicitly specified, it is being set to 0.65
[2025-03-14 22:45:53.893] [jointLog] [info] Setting consensusSlack to selective-alignment default of 0.35.
[2025-03-14 22:45:53.893] [jointLog] [info] parsing read library format
[2025-03-14 22:45:53.893] [jointLog] [info] There is 1 library.
[2025-03-14 22:45:53.910] [jointLog] [info] Loading pufferfish index
[2025-03-14 22:45:53.910] [jointLog] [info] Loading dense pufferfish index.
[2025-03-14 22:45:54.427] [jointLog] [info] done
[2025-03-14 22:45:54.546] [jointLog] [info] Index contained 43,061 targets
[2025-03-14 22:45:55.165] [jointLog] [info] Number of decoys : 0
[2025-03-14 22:45:55.904] [jointLog] [info] Automatically detected most likely library type as ISR

[2025-03-14 22:49:03.608] [jointLog] [info] Thread saw mini-batch with a maximum of 2.70% zero probability fragments
[2025-03-14 22:49:03.608] [jointLog] [info] Thread saw mini-batch with a maximum of 2.76% zero probability fragments
[2025-03-14 22:49:03.608] [jointLog] [info] Thread saw mini-batch with a maximum of 2.54% zero probability fragments
[2025-03-14 22:49:03.608] [jointLog] [info] Thread saw mini-batch with a maximum of 2.68% zero probability fragments
[2025-03-14 22:49:03.608] [jointLog] [info] Thread saw mini-batch with a maximum of 2.68% zero probability fragments
[2025-03-14 22:49:03.608] [jointLog] [info] Thread saw mini-batch with a maximum of 2.60% zero probability fragments
[2025-03-14 22:49:03.608] [jointLog] [info] Thread saw mini-batch with a maximum of 2.66% zero probability fragments
[2025-03-14 22:49:03.608] [jointLog] [info] Thread saw mini-batch with a maximum of 2.60% zero probability fragments
[2025-03-14 22:49:03.608] [jointLog] [info] Thread saw mini-batch with a maximum of 2.58% zero probability fragments
[2025-03-14 22:49:03.608] [jointLog] [info] Thread saw mini-batch with a maximum of 2.46% zero probability fragments
[2025-03-14 22:49:03.608] [jointLog] [info] Thread saw mini-batch with a maximum of 2.60% zero probability fragments
[2025-03-14 22:49:03.610] [jointLog] [info] Thread saw mini-batch with a maximum of 2.70% zero probability fragments
[2025-03-14 22:49:03.631] [jointLog] [info] Thread saw mini-batch with a maximum of 2.70% zero probability fragments
[2025-03-14 22:49:03.660] [jointLog] [info] Thread saw mini-batch with a maximum of 2.64% zero probability fragments
[2025-03-14 22:49:03.706] [jointLog] [info] Thread saw mini-batch with a maximum of 2.58% zero probability fragments
[2025-03-14 22:49:03.725] [jointLog] [info] Thread saw mini-batch with a maximum of 2.60% zero probability fragments
[2025-03-14 22:49:04.084] [fileLog] [info] 
At end of round 0
==================
Observed 20069380 total fragments (20069380 in most recent round)

[2025-03-14 22:49:04.083] [jointLog] [info] Computed 135,007 rich equivalence classes for further processing
[2025-03-14 22:49:04.083] [jointLog] [info] Counted 15,696,903 total reads in the equivalence classes 
[2025-03-14 22:49:04.102] [jointLog] [info] Number of mappings discarded because of alignment score : 4,280,824
[2025-03-14 22:49:04.102] [jointLog] [info] Number of fragments entirely discarded because of alignment score : 1,562,325
[2025-03-14 22:49:04.102] [jointLog] [info] Number of fragments discarded because they are best-mapped to decoys : 0
[2025-03-14 22:49:04.102] [jointLog] [info] Number of fragments discarded because they have only dovetail (discordant) mappings to valid targets : 46,050
[2025-03-14 22:49:04.102] [jointLog] [info] Mapping rate = 78.2132%

[2025-03-14 22:49:04.102] [jointLog] [info] finished quantifyLibrary()
[2025-03-14 22:49:04.102] [jointLog] [info] Starting optimizer
[2025-03-14 22:49:04.141] [jointLog] [info] Marked 0 weighted equivalence classes as degenerate
[2025-03-14 22:49:04.148] [jointLog] [info] iteration = 0 | max rel diff. = 23717.7
[2025-03-14 22:49:04.211] [jointLog] [info] iteration 11, adjusting effective lengths to account for biases
[2025-03-14 22:49:19.243] [jointLog] [info] Computed expected counts (for bias correction)
[2025-03-14 22:49:19.244] [jointLog] [info] processed bias for 0.0% of the transcripts
[2025-03-14 22:49:20.237] [jointLog] [info] processed bias for 10.0% of the transcripts
[2025-03-14 22:49:21.111] [jointLog] [info] processed bias for 20.0% of the transcripts
[2025-03-14 22:49:21.765] [jointLog] [info] processed bias for 30.0% of the transcripts
[2025-03-14 22:49:22.723] [jointLog] [info] processed bias for 40.0% of the transcripts
[2025-03-14 22:49:23.697] [jointLog] [info] processed bias for 50.0% of the transcripts
[2025-03-14 22:49:24.620] [jointLog] [info] processed bias for 60.0% of the transcripts
[2025-03-14 22:49:25.538] [jointLog] [info] processed bias for 70.0% of the transcripts
[2025-03-14 22:49:26.501] [jointLog] [info] processed bias for 80.0% of the transcripts
[2025-03-14 22:49:27.445] [jointLog] [info] processed bias for 90.0% of the transcripts
[2025-03-14 22:49:28.447] [jointLog] [info] processed bias for 100.0% of the transcripts
[2025-03-14 22:49:29.039] [jointLog] [info] iteration = 100 | max rel diff. = 6.19889
[2025-03-14 22:49:29.728] [jointLog] [info] iteration = 200 | max rel diff. = 3.24507
[2025-03-14 22:49:30.404] [jointLog] [info] iteration = 300 | max rel diff. = 1.49443
[2025-03-14 22:49:31.077] [jointLog] [info] iteration = 400 | max rel diff. = 2.53348
[2025-03-14 22:49:31.763] [jointLog] [info] iteration = 500 | max rel diff. = 2.54955
[2025-03-14 22:49:32.439] [jointLog] [info] iteration = 600 | max rel diff. = 0.645223
[2025-03-14 22:49:33.111] [jointLog] [info] iteration = 700 | max rel diff. = 0.109642
[2025-03-14 22:49:33.793] [jointLog] [info] iteration = 800 | max rel diff. = 0.0632969
[2025-03-14 22:49:34.483] [jointLog] [info] iteration = 900 | max rel diff. = 0.0490668
[2025-03-14 22:49:35.055] [jointLog] [info] iteration = 984 | max rel diff. = 0.00990149
[2025-03-14 22:49:35.067] [jointLog] [info] Finished optimizer
[2025-03-14 22:49:35.067] [jointLog] [info] writing output 

