[2025-03-14 22:10:48.959] [jointLog] [info] setting maxHashResizeThreads to 16
[2025-03-14 22:10:48.959] [jointLog] [info] Fragment incompatibility prior below threshold.  Incompatible fragments will be ignored.
[2025-03-14 22:10:48.959] [jointLog] [info] Usage of --validateMappings implies use of minScoreFraction. Since not explicitly specified, it is being set to 0.65
[2025-03-14 22:10:48.959] [jointLog] [info] Setting consensusSlack to selective-alignment default of 0.35.
[2025-03-14 22:10:48.959] [jointLog] [info] parsing read library format
[2025-03-14 22:10:48.959] [jointLog] [info] There is 1 library.
[2025-03-14 22:10:48.959] [jointLog] [info] Loading pufferfish index
[2025-03-14 22:10:48.960] [jointLog] [info] Loading dense pufferfish index.
[2025-03-14 22:10:49.319] [jointLog] [info] done
[2025-03-14 22:10:49.435] [jointLog] [info] Index contained 57,164 targets
[2025-03-14 22:10:50.256] [jointLog] [info] Number of decoys : 0
[2025-03-14 22:10:50.931] [jointLog] [info] Automatically detected most likely library type as ISR

[2025-03-14 22:12:42.053] [jointLog] [info] Thread saw mini-batch with a maximum of 3.28% zero probability fragments
[2025-03-14 22:12:42.053] [jointLog] [info] Thread saw mini-batch with a maximum of 3.18% zero probability fragments
[2025-03-14 22:12:42.053] [jointLog] [info] Thread saw mini-batch with a maximum of 3.26% zero probability fragments
[2025-03-14 22:12:42.053] [jointLog] [info] Thread saw mini-batch with a maximum of 3.28% zero probability fragments
[2025-03-14 22:12:42.053] [jointLog] [info] Thread saw mini-batch with a maximum of 3.18% zero probability fragments
[2025-03-14 22:12:42.053] [jointLog] [info] Thread saw mini-batch with a maximum of 3.22% zero probability fragments
[2025-03-14 22:12:42.053] [jointLog] [info] Thread saw mini-batch with a maximum of 3.18% zero probability fragments
[2025-03-14 22:12:42.053] [jointLog] [info] Thread saw mini-batch with a maximum of 3.16% zero probability fragments
[2025-03-14 22:12:42.053] [jointLog] [info] Thread saw mini-batch with a maximum of 3.10% zero probability fragments
[2025-03-14 22:12:42.053] [jointLog] [info] Thread saw mini-batch with a maximum of 3.26% zero probability fragments
[2025-03-14 22:12:42.093] [jointLog] [info] Thread saw mini-batch with a maximum of 3.12% zero probability fragments
[2025-03-14 22:12:42.113] [jointLog] [info] Thread saw mini-batch with a maximum of 3.10% zero probability fragments
[2025-03-14 22:12:42.120] [jointLog] [info] Thread saw mini-batch with a maximum of 3.24% zero probability fragments
[2025-03-14 22:12:42.132] [jointLog] [info] Thread saw mini-batch with a maximum of 3.26% zero probability fragments
[2025-03-14 22:12:42.161] [jointLog] [info] Thread saw mini-batch with a maximum of 3.20% zero probability fragments
[2025-03-14 22:12:42.208] [jointLog] [info] Thread saw mini-batch with a maximum of 3.24% zero probability fragments
[2025-03-14 22:12:42.621] [fileLog] [info] 
At end of round 0
==================
Observed 14226533 total fragments (14226533 in most recent round)

[2025-03-14 22:12:42.620] [jointLog] [info] Computed 137,146 rich equivalence classes for further processing
[2025-03-14 22:12:42.620] [jointLog] [info] Counted 10,493,203 total reads in the equivalence classes 
[2025-03-14 22:12:42.632] [jointLog] [info] Number of mappings discarded because of alignment score : 2,497,423
[2025-03-14 22:12:42.632] [jointLog] [info] Number of fragments entirely discarded because of alignment score : 620,470
[2025-03-14 22:12:42.632] [jointLog] [info] Number of fragments discarded because they are best-mapped to decoys : 0
[2025-03-14 22:12:42.632] [jointLog] [info] Number of fragments discarded because they have only dovetail (discordant) mappings to valid targets : 39,738
[2025-03-14 22:12:42.632] [jointLog] [info] Mapping rate = 73.758%

[2025-03-14 22:12:42.632] [jointLog] [info] finished quantifyLibrary()
[2025-03-14 22:12:42.632] [jointLog] [info] Starting optimizer
[2025-03-14 22:12:42.688] [jointLog] [info] Marked 0 weighted equivalence classes as degenerate
[2025-03-14 22:12:42.694] [jointLog] [info] iteration = 0 | max rel diff. = 14012.8
[2025-03-14 22:12:42.761] [jointLog] [info] iteration 11, adjusting effective lengths to account for biases
[2025-03-14 22:12:58.075] [jointLog] [info] Computed expected counts (for bias correction)
[2025-03-14 22:12:58.076] [jointLog] [info] processed bias for 0.0% of the transcripts
[2025-03-14 22:12:59.027] [jointLog] [info] processed bias for 10.0% of the transcripts
[2025-03-14 22:12:59.905] [jointLog] [info] processed bias for 20.0% of the transcripts
[2025-03-14 22:13:00.905] [jointLog] [info] processed bias for 30.0% of the transcripts
[2025-03-14 22:13:01.880] [jointLog] [info] processed bias for 40.0% of the transcripts
[2025-03-14 22:13:02.779] [jointLog] [info] processed bias for 50.0% of the transcripts
[2025-03-14 22:13:03.845] [jointLog] [info] processed bias for 60.0% of the transcripts
[2025-03-14 22:13:04.614] [jointLog] [info] processed bias for 70.0% of the transcripts
[2025-03-14 22:13:05.576] [jointLog] [info] processed bias for 80.0% of the transcripts
[2025-03-14 22:13:06.652] [jointLog] [info] processed bias for 90.0% of the transcripts
[2025-03-14 22:13:07.638] [jointLog] [info] processed bias for 100.0% of the transcripts
[2025-03-14 22:13:07.639] [jointLog] [info] processed bias for 100.0% of the transcripts
[2025-03-14 22:13:08.276] [jointLog] [info] iteration = 100 | max rel diff. = 6.74324
[2025-03-14 22:13:09.017] [jointLog] [info] iteration = 200 | max rel diff. = 4.44181
[2025-03-14 22:13:09.760] [jointLog] [info] iteration = 300 | max rel diff. = 0.327061
[2025-03-14 22:13:10.503] [jointLog] [info] iteration = 400 | max rel diff. = 0.239906
[2025-03-14 22:13:11.244] [jointLog] [info] iteration = 500 | max rel diff. = 0.0195557
[2025-03-14 22:13:11.986] [jointLog] [info] iteration = 600 | max rel diff. = 1.41237
[2025-03-14 22:13:12.732] [jointLog] [info] iteration = 700 | max rel diff. = 0.106965
[2025-03-14 22:13:13.472] [jointLog] [info] iteration = 800 | max rel diff. = 0.0167255
[2025-03-14 22:13:14.231] [jointLog] [info] iteration = 900 | max rel diff. = 0.0668545
[2025-03-14 22:13:14.996] [jointLog] [info] iteration = 1,000 | max rel diff. = 0.0277257
[2025-03-14 22:13:15.340] [jointLog] [info] iteration = 1,046 | max rel diff. = 0.00392454
[2025-03-14 22:13:15.359] [jointLog] [info] Finished optimizer
[2025-03-14 22:13:15.359] [jointLog] [info] writing output 

