[2025-03-14 22:55:31.162] [jointLog] [info] setting maxHashResizeThreads to 16
[2025-03-14 22:55:31.162] [jointLog] [info] Fragment incompatibility prior below threshold.  Incompatible fragments will be ignored.
[2025-03-14 22:55:31.162] [jointLog] [info] Usage of --validateMappings implies use of minScoreFraction. Since not explicitly specified, it is being set to 0.65
[2025-03-14 22:55:31.162] [jointLog] [info] Setting consensusSlack to selective-alignment default of 0.35.
[2025-03-14 22:55:31.162] [jointLog] [info] parsing read library format
[2025-03-14 22:55:31.162] [jointLog] [info] There is 1 library.
[2025-03-14 22:55:31.162] [jointLog] [info] Loading pufferfish index
[2025-03-14 22:55:31.163] [jointLog] [info] Loading dense pufferfish index.
[2025-03-14 22:55:31.436] [jointLog] [info] done
[2025-03-14 22:55:31.557] [jointLog] [info] Index contained 43,061 targets
[2025-03-14 22:55:32.222] [jointLog] [info] Number of decoys : 0
[2025-03-14 22:55:33.231] [jointLog] [info] Automatically detected most likely library type as IU

[2025-03-14 22:57:27.551] [fileLog] [info] 
At end of round 0
==================
Observed 11203387 total fragments (11203387 in most recent round)

[2025-03-14 22:57:27.550] [jointLog] [info] Computed 173,328 rich equivalence classes for further processing
[2025-03-14 22:57:27.550] [jointLog] [info] Counted 6,546,540 total reads in the equivalence classes 
[2025-03-14 22:57:27.586] [jointLog] [info] Number of mappings discarded because of alignment score : 9,261,683
[2025-03-14 22:57:27.586] [jointLog] [info] Number of fragments entirely discarded because of alignment score : 435,941
[2025-03-14 22:57:27.586] [jointLog] [info] Number of fragments discarded because they are best-mapped to decoys : 0
[2025-03-14 22:57:27.586] [jointLog] [info] Number of fragments discarded because they have only dovetail (discordant) mappings to valid targets : 143,726
[2025-03-14 22:57:27.586] [jointLog] [info] Mapping rate = 58.4336%

[2025-03-14 22:57:27.586] [jointLog] [info] finished quantifyLibrary()
[2025-03-14 22:57:27.586] [jointLog] [info] Starting optimizer
[2025-03-14 22:57:29.422] [jointLog] [info] Marked 0 weighted equivalence classes as degenerate
[2025-03-14 22:57:29.463] [jointLog] [info] iteration = 0 | max rel diff. = 12977.6
[2025-03-14 22:57:29.849] [jointLog] [info] iteration 11, adjusting effective lengths to account for biases
[2025-03-14 22:57:45.071] [jointLog] [info] Computed expected counts (for bias correction)
[2025-03-14 22:57:45.072] [jointLog] [info] processed bias for 0.0% of the transcripts
[2025-03-14 22:57:45.986] [jointLog] [info] processed bias for 10.0% of the transcripts
[2025-03-14 22:57:46.949] [jointLog] [info] processed bias for 20.0% of the transcripts
[2025-03-14 22:57:47.863] [jointLog] [info] processed bias for 30.0% of the transcripts
[2025-03-14 22:57:48.766] [jointLog] [info] processed bias for 40.0% of the transcripts
[2025-03-14 22:57:49.703] [jointLog] [info] processed bias for 50.0% of the transcripts
[2025-03-14 22:57:50.621] [jointLog] [info] processed bias for 60.0% of the transcripts
[2025-03-14 22:57:51.514] [jointLog] [info] processed bias for 70.0% of the transcripts
[2025-03-14 22:57:52.416] [jointLog] [info] processed bias for 80.0% of the transcripts
[2025-03-14 22:57:53.162] [jointLog] [info] processed bias for 90.0% of the transcripts
[2025-03-14 22:57:54.143] [jointLog] [info] processed bias for 100.0% of the transcripts
[2025-03-14 22:57:57.601] [jointLog] [info] iteration = 100 | max rel diff. = 7.46172
[2025-03-14 22:58:01.461] [jointLog] [info] iteration = 200 | max rel diff. = 1.42868
[2025-03-14 22:58:05.338] [jointLog] [info] iteration = 300 | max rel diff. = 3.07764
[2025-03-14 22:58:09.225] [jointLog] [info] iteration = 400 | max rel diff. = 0.171585
[2025-03-14 22:58:13.100] [jointLog] [info] iteration = 500 | max rel diff. = 0.408964
[2025-03-14 22:58:16.958] [jointLog] [info] iteration = 600 | max rel diff. = 0.197314
[2025-03-14 22:58:17.189] [jointLog] [info] iteration = 607 | max rel diff. = 0.0098626
[2025-03-14 22:58:17.202] [jointLog] [info] Finished optimizer
[2025-03-14 22:58:17.202] [jointLog] [info] writing output 

[2025-03-14 22:58:17.297] [jointLog] [warning] NOTE: Read Lib [[ /hd4TB_1/piper_project/sequencing_data/P_Tuberculatum/processed/hisat_results/hisat_out_P_tuberculatum_adult_A_1/TUB_A1_S4_L001_001.1.fastq, /hd4TB_1/piper_project/sequencing_data/P_Tuberculatum/processed/hisat_results/hisat_out_P_tuberculatum_adult_A_1/TUB_A1_S4_L001_001.2.fastq]] :

Detected a *potential* strand bias > 1% in an unstranded protocol check the file: salmon_gcbias_ptub_2025/P_tuberculatum_adult_A_1/lib_format_counts.json for details

