[2025-03-14 22:06:30.164] [jointLog] [info] setting maxHashResizeThreads to 16
[2025-03-14 22:06:30.164] [jointLog] [info] Fragment incompatibility prior below threshold.  Incompatible fragments will be ignored.
[2025-03-14 22:06:30.164] [jointLog] [info] Usage of --validateMappings implies use of minScoreFraction. Since not explicitly specified, it is being set to 0.65
[2025-03-14 22:06:30.164] [jointLog] [info] Setting consensusSlack to selective-alignment default of 0.35.
[2025-03-14 22:06:30.164] [jointLog] [info] parsing read library format
[2025-03-14 22:06:30.164] [jointLog] [info] There is 1 library.
[2025-03-14 22:06:30.164] [jointLog] [info] Loading pufferfish index
[2025-03-14 22:06:30.164] [jointLog] [info] Loading dense pufferfish index.
[2025-03-14 22:06:30.514] [jointLog] [info] done
[2025-03-14 22:06:30.617] [jointLog] [info] Index contained 57,164 targets
[2025-03-14 22:06:31.386] [jointLog] [info] Number of decoys : 0
[2025-03-14 22:06:32.049] [jointLog] [info] Automatically detected most likely library type as ISR

[2025-03-14 22:10:08.679] [jointLog] [info] Thread saw mini-batch with a maximum of 3.06% zero probability fragments
[2025-03-14 22:10:08.679] [jointLog] [info] Thread saw mini-batch with a maximum of 3.34% zero probability fragments
[2025-03-14 22:10:08.679] [jointLog] [info] Thread saw mini-batch with a maximum of 3.06% zero probability fragments
[2025-03-14 22:10:08.679] [jointLog] [info] Thread saw mini-batch with a maximum of 3.12% zero probability fragments
[2025-03-14 22:10:08.679] [jointLog] [info] Thread saw mini-batch with a maximum of 3.10% zero probability fragments
[2025-03-14 22:10:08.679] [jointLog] [info] Thread saw mini-batch with a maximum of 3.22% zero probability fragments
[2025-03-14 22:10:08.679] [jointLog] [info] Thread saw mini-batch with a maximum of 3.06% zero probability fragments
[2025-03-14 22:10:08.679] [jointLog] [info] Thread saw mini-batch with a maximum of 3.00% zero probability fragments
[2025-03-14 22:10:08.679] [jointLog] [info] Thread saw mini-batch with a maximum of 3.04% zero probability fragments
[2025-03-14 22:10:08.681] [jointLog] [info] Thread saw mini-batch with a maximum of 3.16% zero probability fragments
[2025-03-14 22:10:08.691] [jointLog] [info] Thread saw mini-batch with a maximum of 3.26% zero probability fragments
[2025-03-14 22:10:08.725] [jointLog] [info] Thread saw mini-batch with a maximum of 3.12% zero probability fragments
[2025-03-14 22:10:08.732] [jointLog] [info] Thread saw mini-batch with a maximum of 3.14% zero probability fragments
[2025-03-14 22:10:08.747] [jointLog] [info] Thread saw mini-batch with a maximum of 3.16% zero probability fragments
[2025-03-14 22:10:08.812] [jointLog] [info] Thread saw mini-batch with a maximum of 3.32% zero probability fragments
[2025-03-14 22:10:08.813] [jointLog] [info] Thread saw mini-batch with a maximum of 3.22% zero probability fragments
[2025-03-14 22:10:09.116] [jointLog] [info] Computed 182,474 rich equivalence classes for further processing
[2025-03-14 22:10:09.116] [jointLog] [info] Counted 24,207,888 total reads in the equivalence classes 
[2025-03-14 22:10:09.127] [jointLog] [info] Number of mappings discarded because of alignment score : 5,096,487
[2025-03-14 22:10:09.127] [jointLog] [info] Number of fragments entirely discarded because of alignment score : 1,464,262
[2025-03-14 22:10:09.127] [jointLog] [info] Number of fragments discarded because they are best-mapped to decoys : 0
[2025-03-14 22:10:09.127] [jointLog] [info] Number of fragments discarded because they have only dovetail (discordant) mappings to valid targets : 84,787
[2025-03-14 22:10:09.127] [jointLog] [info] Mapping rate = 78.8416%

[2025-03-14 22:10:09.127] [jointLog] [info] finished quantifyLibrary()
[2025-03-14 22:10:09.127] [jointLog] [info] Starting optimizer
[2025-03-14 22:10:09.181] [jointLog] [info] Marked 0 weighted equivalence classes as degenerate
[2025-03-14 22:10:09.189] [jointLog] [info] iteration = 0 | max rel diff. = 21718.7
[2025-03-14 22:10:09.272] [jointLog] [info] iteration 11, adjusting effective lengths to account for biases
[2025-03-14 22:10:09.117] [fileLog] [info] 
At end of round 0
==================
Observed 30704461 total fragments (30704461 in most recent round)

[2025-03-14 22:10:25.547] [jointLog] [info] Computed expected counts (for bias correction)
[2025-03-14 22:10:25.547] [jointLog] [info] processed bias for 0.0% of the transcripts
[2025-03-14 22:10:26.791] [jointLog] [info] processed bias for 10.0% of the transcripts
[2025-03-14 22:10:27.915] [jointLog] [info] processed bias for 20.0% of the transcripts
[2025-03-14 22:10:29.111] [jointLog] [info] processed bias for 30.0% of the transcripts
[2025-03-14 22:10:30.277] [jointLog] [info] processed bias for 40.0% of the transcripts
[2025-03-14 22:10:31.414] [jointLog] [info] processed bias for 50.0% of the transcripts
[2025-03-14 22:10:32.470] [jointLog] [info] processed bias for 60.0% of the transcripts
[2025-03-14 22:10:33.699] [jointLog] [info] processed bias for 70.0% of the transcripts
[2025-03-14 22:10:34.938] [jointLog] [info] processed bias for 80.0% of the transcripts
[2025-03-14 22:10:36.160] [jointLog] [info] processed bias for 90.0% of the transcripts
[2025-03-14 22:10:37.442] [jointLog] [info] processed bias for 100.0% of the transcripts
[2025-03-14 22:10:38.149] [jointLog] [info] iteration = 100 | max rel diff. = 4.26878
[2025-03-14 22:10:38.972] [jointLog] [info] iteration = 200 | max rel diff. = 0.569971
[2025-03-14 22:10:39.800] [jointLog] [info] iteration = 300 | max rel diff. = 12.6457
[2025-03-14 22:10:40.642] [jointLog] [info] iteration = 400 | max rel diff. = 0.452915
[2025-03-14 22:10:41.464] [jointLog] [info] iteration = 500 | max rel diff. = 2.58726
[2025-03-14 22:10:42.282] [jointLog] [info] iteration = 600 | max rel diff. = 0.0733339
[2025-03-14 22:10:43.107] [jointLog] [info] iteration = 700 | max rel diff. = 0.609628
[2025-03-14 22:10:43.922] [jointLog] [info] iteration = 800 | max rel diff. = 0.0486551
[2025-03-14 22:10:44.740] [jointLog] [info] iteration = 900 | max rel diff. = 0.0521355
[2025-03-14 22:10:45.555] [jointLog] [info] iteration = 1,000 | max rel diff. = 0.0110409
[2025-03-14 22:10:46.373] [jointLog] [info] iteration = 1,100 | max rel diff. = 0.574104
[2025-03-14 22:10:47.193] [jointLog] [info] iteration = 1,200 | max rel diff. = 0.0130876
[2025-03-14 22:10:47.979] [jointLog] [info] iteration = 1,298 | max rel diff. = 0.0056565
[2025-03-14 22:10:47.991] [jointLog] [info] Finished optimizer
[2025-03-14 22:10:47.991] [jointLog] [info] writing output 

